<?xml version="1.0" encoding="UTF-8"?>
<!-- Generated by org.testng.reporters.JUnitXMLReporter -->
<testsuite ignored="3" hostname="DESKTOP-DRFL9AK" failures="0" tests="1" name="Default test" time="7.174" errors="0" timestamp="2026-04-23T23:55:13 IST">
  <testcase classname="tests.LoginTest" name="loginVlaidatonNegative" time="0.071"/>
  <testcase classname="tests.LoginTest" name="loginVlaidaton" time="0.0">
    <ignored/>
  </testcase> <!-- loginVlaidaton -->
  <testcase classname="tests.LoginTest" name="loginVlaidatonNegative3" time="0.0">
    <ignored/>
  </testcase> <!-- loginVlaidatonNegative3 -->
  <testcase classname="tests.LoginTest" name="loginVlaidatonNegative1" time="0.0">
    <ignored/>
  </testcase> <!-- loginVlaidatonNegative1 -->
</testsuite> <!-- Default test -->
