<?xml version="1.0" encoding="UTF-8"?>
<testng-results ignored="0" total="1" passed="1" failed="0" skipped="0">
  <reporter-output>
  </reporter-output>
  <suite started-at="2026-03-17T20:31:29 IST" name="LoginSuite" finished-at="2026-03-17T20:31:48 IST" duration-ms="19206">
    <groups>
    </groups>
    <test started-at="2026-03-17T20:31:29 IST" name="LoginTests" finished-at="2026-03-17T20:31:48 IST" duration-ms="19206">
      <class name="tests.LoginTest">
        <test-method is-config="true" signature="setUp()[pri:0, instance:tests.LoginTest@7cc0cdad]" started-at="2026-03-17T20:31:29 IST" name="setUp" finished-at="2026-03-17T20:31:47 IST" duration-ms="17946" status="PASS">
          <reporter-output>
          </reporter-output>
        </test-method> <!-- setUp -->
        <test-method signature="loginVlaidaton()[pri:0, instance:tests.LoginTest@7cc0cdad]" started-at="2026-03-17T20:31:47 IST" name="loginVlaidaton" finished-at="2026-03-17T20:31:48 IST" duration-ms="876" status="PASS">
          <reporter-output>
          </reporter-output>
        </test-method> <!-- loginVlaidaton -->
        <test-method is-config="true" signature="tearDown()[pri:0, instance:tests.LoginTest@7cc0cdad]" started-at="2026-03-17T20:31:48 IST" name="tearDown" finished-at="2026-03-17T20:31:48 IST" duration-ms="307" status="PASS">
          <reporter-output>
          </reporter-output>
        </test-method> <!-- tearDown -->
      </class> <!-- tests.LoginTest -->
    </test> <!-- LoginTests -->
  </suite> <!-- LoginSuite -->
</testng-results>
