<?xml version="1.0" encoding="UTF-8"?>
<testng-results ignored="0" total="1" passed="1" failed="0" skipped="0">
  <reporter-output>
  </reporter-output>
  <suite started-at="2026-03-31T08:14:24 IST" name="Default suite" finished-at="2026-03-31T08:14:33 IST" duration-ms="9603">
    <groups>
    </groups>
    <test started-at="2026-03-31T08:14:24 IST" name="Default test" finished-at="2026-03-31T08:14:33 IST" duration-ms="9603">
      <class name="tests.LoginTest">
        <test-method is-config="true" signature="setUp()[pri:0, instance:tests.LoginTest@397fbdb]" started-at="2026-03-31T08:14:24 IST" name="setUp" finished-at="2026-03-31T08:14:32 IST" duration-ms="8418" status="PASS">
          <reporter-output>
          </reporter-output>
        </test-method> <!-- setUp -->
        <test-method signature="loginVlaidaton()[pri:0, instance:tests.LoginTest@397fbdb]" started-at="2026-03-31T08:14:32 IST" name="loginVlaidaton" finished-at="2026-03-31T08:14:33 IST" duration-ms="704" status="PASS">
          <reporter-output>
          </reporter-output>
        </test-method> <!-- loginVlaidaton -->
        <test-method is-config="true" signature="tearDown()[pri:0, instance:tests.LoginTest@397fbdb]" started-at="2026-03-31T08:14:33 IST" name="tearDown" finished-at="2026-03-31T08:14:33 IST" duration-ms="425" status="PASS">
          <reporter-output>
          </reporter-output>
        </test-method> <!-- tearDown -->
      </class> <!-- tests.LoginTest -->
    </test> <!-- Default test -->
  </suite> <!-- Default suite -->
</testng-results>
