<?xml version="1.0" encoding="UTF-8"?>
<!-- Generated by org.testng.reporters.JUnitReportReporter -->
<testsuite hostname="DESKTOP-DRFL9AK" failures="0" tests="3" name="tests.LoginTest" time="19.674" errors="0" timestamp="2026-04-24T08:07:09 IST" skipped="0">
  <testcase classname="tests.LoginTest" name="loginVlaidatonNegative3" time="5.621"/>
  <testcase classname="tests.LoginTest" name="loginVlaidatonNegative1" time="5.856"/>
  <testcase classname="tests.LoginTest" name="loginVlaidatonNegative" time="8.197"/>
</testsuite> <!-- tests.LoginTest -->
