<?xml version="1.0" encoding="UTF-8"?>
<!-- Generated by org.testng.reporters.JUnitXMLReporter -->
<testsuite ignored="1" hostname="DESKTOP-DRFL9AK" failures="0" tests="3" name="LoginTests" time="19.784" errors="0" timestamp="2026-04-24T08:07:08 IST">
  <testcase classname="tests.LoginTest" name="loginVlaidatonNegative" time="0.056"/>
  <testcase classname="tests.LoginTest" name="loginVlaidatonNegative3" time="0.033"/>
  <testcase classname="tests.LoginTest" name="loginVlaidatonNegative1" time="0.032"/>
  <testcase classname="tests.LoginTest" name="loginVlaidaton" time="0.0">
    <ignored/>
  </testcase> <!-- loginVlaidaton -->
</testsuite> <!-- LoginTests -->
