<?xml version="1.0" encoding="UTF-8"?>
<!-- Generated by org.testng.reporters.JUnitXMLReporter -->
<testsuite ignored="4" hostname="DESKTOP-DRFL9AK" failures="0" tests="0" time="0.018" errors="0" timestamp="2026-04-24T00:02:45 IST">
  <testcase classname="tests.LoginTest" name="loginVlaidatonNegative" time="0.0">
    <ignored/>
  </testcase> <!-- loginVlaidatonNegative -->
  <testcase classname="tests.LoginTest" name="loginVlaidaton" time="0.0">
    <ignored/>
  </testcase> <!-- loginVlaidaton -->
  <testcase classname="tests.LoginTest" name="loginVlaidatonNegative3" time="0.0">
    <ignored/>
  </testcase> <!-- loginVlaidatonNegative3 -->
  <testcase classname="tests.LoginTest" name="loginVlaidatonNegative1" time="0.0">
    <ignored/>
  </testcase> <!-- loginVlaidatonNegative1 -->
</testsuite>
